android_source/app/build/intermediates/manifest_merge_blame_file/release/manifest-merger-blame-release-report.txt
1<?xml version="1.0" encoding="utf-8"?>
2<manifest xmlns:android="http://schemas.android.com/apk/res/android"
3    package="com.titcock_tv2.webtoapk"
4    android:versionCode="1"
5    android:versionName="1.0" >
6
7    <uses-sdk
8        android:minSdkVersion="24"
8-->src/main/AndroidManifest.xml
9        android:targetSdkVersion="33" />
9-->src/main/AndroidManifest.xml
10
11    <uses-permission android:name="android.permission.INTERNET" />
11-->src/main/AndroidManifest.xml:4:5-67
11-->src/main/AndroidManifest.xml:4:22-64
12    <uses-permission android:name="android.permission.ACCESS_NETWORK_STATE" />
12-->src/main/AndroidManifest.xml:5:5-79
12-->src/main/AndroidManifest.xml:5:22-76
13    <uses-permission android:name="android.permission.READ_EXTERNAL_STORAGE" />
13-->src/main/AndroidManifest.xml:6:5-80
13-->src/main/AndroidManifest.xml:6:22-77
14    <uses-permission android:name="android.permission.WRITE_EXTERNAL_STORAGE" />
14-->src/main/AndroidManifest.xml:7:5-81
14-->src/main/AndroidManifest.xml:7:22-78
15    <uses-permission android:name="android.permission.POST_NOTIFICATIONS" />
15-->src/main/AndroidManifest.xml:8:5-76
15-->src/main/AndroidManifest.xml:8:22-74
16    <uses-permission android:name="android.permission.FOREGROUND_SERVICE" />
16-->src/main/AndroidManifest.xml:9:5-77
16-->src/main/AndroidManifest.xml:9:22-74
17
18    <permission
18-->[androidx.core:core:1.9.0] AndroidManifest.xml:22:5-24:47
19        android:name="com.titcock_tv2.webtoapk.DYNAMIC_RECEIVER_NOT_EXPORTED_PERMISSION"
19-->[androidx.core:core:1.9.0] AndroidManifest.xml:23:9-81
20        android:protectionLevel="signature" />
20-->[androidx.core:core:1.9.0] AndroidManifest.xml:24:9-44
21
22    <uses-permission android:name="com.titcock_tv2.webtoapk.DYNAMIC_RECEIVER_NOT_EXPORTED_PERMISSION" />
22-->[androidx.core:core:1.9.0] AndroidManifest.xml:26:5-97
22-->[androidx.core:core:1.9.0] AndroidManifest.xml:26:22-94
23    <uses-permission android:name="android.permission.WAKE_LOCK" />
23-->[org.unifiedpush.android:connector:3.0.10] AndroidManifest.xml:8:5-68
23-->[org.unifiedpush.android:connector:3.0.10] AndroidManifest.xml:8:22-65
24
25    <queries>
25-->[org.unifiedpush.android:connector:3.0.10] AndroidManifest.xml:10:5-20:15
26        <intent>
26-->[org.unifiedpush.android:connector:3.0.10] AndroidManifest.xml:11:9-13:18
27            <action android:name="org.unifiedpush.android.distributor.LINK" />
27-->[org.unifiedpush.android:connector:3.0.10] AndroidManifest.xml:12:13-79
27-->[org.unifiedpush.android:connector:3.0.10] AndroidManifest.xml:12:21-76
28        </intent>
29        <intent>
29-->[org.unifiedpush.android:connector:3.0.10] AndroidManifest.xml:14:9-16:18
30            <action android:name="org.unifiedpush.android.distributor.REGISTER" />
30-->[org.unifiedpush.android:connector:3.0.10] AndroidManifest.xml:15:13-83
30-->[org.unifiedpush.android:connector:3.0.10] AndroidManifest.xml:15:21-80
31        </intent>
32        <intent>
32-->[org.unifiedpush.android:connector:3.0.10] AndroidManifest.xml:17:9-19:18
33            <action android:name="org.unifiedpush.android.distributor.UNREGISTER" />
33-->[org.unifiedpush.android:connector:3.0.10] AndroidManifest.xml:18:13-85
33-->[org.unifiedpush.android:connector:3.0.10] AndroidManifest.xml:18:21-82
34        </intent>
35    </queries>
36
37    <application
37-->src/main/AndroidManifest.xml:11:5-40:19
38        android:allowBackup="true"
38-->src/main/AndroidManifest.xml:12:9-35
39        android:appComponentFactory="androidx.core.app.CoreComponentFactory"
39-->[androidx.core:core:1.9.0] AndroidManifest.xml:28:18-86
40        android:extractNativeLibs="false"
41        android:icon="@mipmap/ic_launcher"
41-->src/main/AndroidManifest.xml:13:9-43
42        android:label="@string/app_name"
42-->src/main/AndroidManifest.xml:14:9-41
43        android:supportsRtl="true"
43-->src/main/AndroidManifest.xml:15:9-35
44        android:theme="@style/AppTheme.NoTitleBar"
44-->src/main/AndroidManifest.xml:16:9-51
45        android:usesCleartextTraffic="true" >
45-->src/main/AndroidManifest.xml:17:9-44
46        <activity
46-->src/main/AndroidManifest.xml:19:9-28:20
47            android:name="com.titcock_tv2.webtoapk.MainActivity"
47-->src/main/AndroidManifest.xml:20:13-41
48            android:configChanges="uiMode|orientation|screenSize|keyboard|keyboardHidden"
48-->src/main/AndroidManifest.xml:23:13-90
49            android:exported="true"
49-->src/main/AndroidManifest.xml:21:13-36
50            android:launchMode="singleTop" >
50-->src/main/AndroidManifest.xml:22:13-43
51            <intent-filter>
51-->src/main/AndroidManifest.xml:24:13-27:29
52                <action android:name="android.intent.action.MAIN" />
52-->src/main/AndroidManifest.xml:25:17-69
52-->src/main/AndroidManifest.xml:25:25-66
53
54                <category android:name="android.intent.category.LAUNCHER" />
54-->src/main/AndroidManifest.xml:26:17-77
54-->src/main/AndroidManifest.xml:26:27-74
55            </intent-filter>
56        </activity>
57
58        <service
58-->src/main/AndroidManifest.xml:30:9-35:19
59            android:name="com.titcock_tv2.webtoapk.PushServiceImpl"
59-->src/main/AndroidManifest.xml:30:18-49
60            android:exported="false" >
60-->src/main/AndroidManifest.xml:31:13-37
61            <intent-filter>
61-->src/main/AndroidManifest.xml:32:13-34:29
62                <action android:name="org.unifiedpush.android.connector.PUSH_EVENT" />
62-->src/main/AndroidManifest.xml:33:17-86
62-->src/main/AndroidManifest.xml:33:25-84
63            </intent-filter>
64        </service>
65        <service
65-->src/main/AndroidManifest.xml:36:9-39:61
66            android:name="com.titcock_tv2.webtoapk.MediaPlaybackService"
66-->src/main/AndroidManifest.xml:37:13-49
67            android:exported="false"
67-->src/main/AndroidManifest.xml:38:13-37
68            android:foregroundServiceType="mediaPlayback" />
68-->src/main/AndroidManifest.xml:39:13-58
69
70        <provider
70-->[androidx.emoji2:emoji2:1.2.0] AndroidManifest.xml:24:9-32:20
71            android:name="androidx.startup.InitializationProvider"
71-->[androidx.emoji2:emoji2:1.2.0] AndroidManifest.xml:25:13-67
72            android:authorities="com.titcock_tv2.webtoapk.androidx-startup"
72-->[androidx.emoji2:emoji2:1.2.0] AndroidManifest.xml:26:13-68
73            android:exported="false" >
73-->[androidx.emoji2:emoji2:1.2.0] AndroidManifest.xml:27:13-37
74            <meta-data
74-->[androidx.emoji2:emoji2:1.2.0] AndroidManifest.xml:29:13-31:52
75                android:name="androidx.emoji2.text.EmojiCompatInitializer"
75-->[androidx.emoji2:emoji2:1.2.0] AndroidManifest.xml:30:17-75
76                android:value="androidx.startup" />
76-->[androidx.emoji2:emoji2:1.2.0] AndroidManifest.xml:31:17-49
77            <meta-data
77-->[androidx.lifecycle:lifecycle-process:2.4.1] AndroidManifest.xml:31:13-33:52
78                android:name="androidx.lifecycle.ProcessLifecycleInitializer"
78-->[androidx.lifecycle:lifecycle-process:2.4.1] AndroidManifest.xml:32:17-78
79                android:value="androidx.startup" />
79-->[androidx.lifecycle:lifecycle-process:2.4.1] AndroidManifest.xml:33:17-49
80        </provider>
81
82        <service
82-->[org.unifiedpush.android:connector:3.0.10] AndroidManifest.xml:23:9-30:19
83            android:name="org.unifiedpush.android.connector.internal.RaiseToForegroundService"
83-->[org.unifiedpush.android:connector:3.0.10] AndroidManifest.xml:24:13-95
84            android:exported="true" >
84-->[org.unifiedpush.android:connector:3.0.10] AndroidManifest.xml:25:13-36
85            <intent-filter>
85-->[org.unifiedpush.android:connector:3.0.10] AndroidManifest.xml:27:13-29:29
86                <action android:name="org.unifiedpush.android.connector.RAISE_TO_FOREGROUND" />
86-->[org.unifiedpush.android:connector:3.0.10] AndroidManifest.xml:28:17-96
86-->[org.unifiedpush.android:connector:3.0.10] AndroidManifest.xml:28:25-93
87            </intent-filter>
88        </service>
89
90        <activity
90-->[org.unifiedpush.android:connector:3.0.10] AndroidManifest.xml:32:9-34:86
91            android:name="org.unifiedpush.android.connector.internal.LinkActivity"
91-->[org.unifiedpush.android:connector:3.0.10] AndroidManifest.xml:33:13-83
92            android:theme="@android:style/Theme.Translucent.NoTitleBar.Fullscreen" />
92-->[org.unifiedpush.android:connector:3.0.10] AndroidManifest.xml:34:13-83
93
94        <receiver
94-->[org.unifiedpush.android:connector:3.0.10] AndroidManifest.xml:36:9-47:20
95            android:name="org.unifiedpush.android.connector.internal.MessagingReceiverImpl"
95-->[org.unifiedpush.android:connector:3.0.10] AndroidManifest.xml:37:13-92
96            android:enabled="true"
96-->[org.unifiedpush.android:connector:3.0.10] AndroidManifest.xml:38:13-35
97            android:exported="true" >
97-->[org.unifiedpush.android:connector:3.0.10] AndroidManifest.xml:39:13-36
98            <intent-filter android:priority="-500" >
98-->[org.unifiedpush.android:connector:3.0.10] AndroidManifest.xml:41:13-46:29
98-->[org.unifiedpush.android:connector:3.0.10] AndroidManifest.xml:41:28-51
99                <action android:name="org.unifiedpush.android.connector.MESSAGE" />
99-->[org.unifiedpush.android:connector:3.0.10] AndroidManifest.xml:42:17-84
99-->[org.unifiedpush.android:connector:3.0.10] AndroidManifest.xml:42:25-81
100                <action android:name="org.unifiedpush.android.connector.UNREGISTERED" />
100-->[org.unifiedpush.android:connector:3.0.10] AndroidManifest.xml:43:17-89
100-->[org.unifiedpush.android:connector:3.0.10] AndroidManifest.xml:43:25-86
101                <action android:name="org.unifiedpush.android.connector.NEW_ENDPOINT" />
101-->[org.unifiedpush.android:connector:3.0.10] AndroidManifest.xml:44:17-89
101-->[org.unifiedpush.android:connector:3.0.10] AndroidManifest.xml:44:25-86
102                <action android:name="org.unifiedpush.android.connector.REGISTRATION_FAILED" />
102-->[org.unifiedpush.android:connector:3.0.10] AndroidManifest.xml:45:17-96
102-->[org.unifiedpush.android:connector:3.0.10] AndroidManifest.xml:45:25-93
103            </intent-filter>
104        </receiver>
105    </application>
106
107</manifest>